<?xml version="1.0" encoding="UTF-8"?>
<robot generated="20181016 13:22:05.487" generator="Robot 3.0.2 (Python 2.7.14 on win32)">
<suite source="C:\Users\meindert\automation\composite_report.robot" id="s1" name="Composite Report">
<test id="s1-t1" name="Launch website">
<kw name="Open Browser To Login Page">
<kw name="Open Browser" library="Selenium2Library">
<doc>Opens a new browser instance to the given ``url``.</doc>
<arguments>
<arg>${URL}</arg>
<arg>${BROWSER}</arg>
</arguments>
<msg timestamp="20181016 13:22:05.656" level="INFO">Opening browser 'chrome' to base url 'https://australiaqa.sewellsgroupreporting.com/esosv2aus'.</msg>
<status status="PASS" endtime="20181016 13:22:20.691" starttime="20181016 13:22:05.656"></status>
</kw>
<kw name="Maximize Browser Window" library="Selenium2Library">
<doc>Maximizes current browser window.</doc>
<status status="PASS" endtime="20181016 13:22:21.842" starttime="20181016 13:22:20.691"></status>
</kw>
<kw name="Set Selenium Speed" library="Selenium2Library">
<doc>Sets the delay that is waited after each Selenium command.</doc>
<arguments>
<arg>${DELAY}</arg>
</arguments>
<status status="PASS" endtime="20181016 13:22:21.843" starttime="20181016 13:22:21.842"></status>
</kw>
<kw name="Login Page Should Be Open">
<kw name="Title Should Be" library="Selenium2Library">
<doc>Verifies that current page title equals ``title``.</doc>
<arguments>
<arg>Sewells Group Reporting</arg>
</arguments>
<msg timestamp="20181016 13:22:21.850" level="INFO">Page title is 'Sewells Group Reporting'.</msg>
<status status="PASS" endtime="20181016 13:22:21.851" starttime="20181016 13:22:21.844"></status>
</kw>
<status status="PASS" endtime="20181016 13:22:21.851" starttime="20181016 13:22:21.843"></status>
</kw>
<status status="PASS" endtime="20181016 13:22:21.851" starttime="20181016 13:22:05.656"></status>
</kw>
<kw name="Sleep" library="BuiltIn">
<doc>Pauses the test executed for the given time.</doc>
<arguments>
<arg>20s</arg>
</arguments>
<msg timestamp="20181016 13:22:41.852" level="INFO">Slept 20 seconds</msg>
<status status="PASS" endtime="20181016 13:22:41.852" starttime="20181016 13:22:21.851"></status>
</kw>
<kw name="Wait Until Page Contains" library="Selenium2Library">
<doc>Waits until ``text`` appears on current page.</doc>
<arguments>
<arg>eSOS</arg>
</arguments>
<status status="PASS" endtime="20181016 13:22:41.881" starttime="20181016 13:22:41.853"></status>
</kw>
<status status="PASS" endtime="20181016 13:22:41.882" critical="yes" starttime="20181016 13:22:05.654"></status>
</test>
<test id="s1-t2" name="Login">
<kw name="Input Username">
<arguments>
<arg>angus</arg>
</arguments>
<kw name="Input Text" library="Selenium2Library">
<doc>Types the given ``text`` into text field identified by ``locator``.</doc>
<arguments>
<arg>userName</arg>
<arg>${username}</arg>
</arguments>
<msg timestamp="20181016 13:22:41.887" level="INFO">Typing text 'angus' into text field 'userName'.</msg>
<status status="PASS" endtime="20181016 13:22:42.004" starttime="20181016 13:22:41.886"></status>
</kw>
<status status="PASS" endtime="20181016 13:22:42.004" starttime="20181016 13:22:41.886"></status>
</kw>
<kw name="Input Password">
<arguments>
<arg>VulcanLabs13</arg>
</arguments>
<kw name="Input Text" library="Selenium2Library">
<doc>Types the given ``text`` into text field identified by ``locator``.</doc>
<arguments>
<arg>password</arg>
<arg>${password}</arg>
</arguments>
<msg timestamp="20181016 13:22:42.006" level="INFO">Typing text 'VulcanLabs13' into text field 'password'.</msg>
<status status="PASS" endtime="20181016 13:22:42.149" starttime="20181016 13:22:42.005"></status>
</kw>
<status status="PASS" endtime="20181016 13:22:42.149" starttime="20181016 13:22:42.005"></status>
</kw>
<kw name="Click Element" library="Selenium2Library">
<doc>Click element identified by ``locator``.</doc>
<arguments>
<arg>xpath=//*[@id="isc_20"]/table/tbody/tr/td</arg>
</arguments>
<msg timestamp="20181016 13:22:42.150" level="INFO">Clicking element 'xpath=//*[@id="isc_20"]/table/tbody/tr/td'.</msg>
<status status="PASS" endtime="20181016 13:22:42.273" starttime="20181016 13:22:42.150"></status>
</kw>
<kw name="Sleep" library="BuiltIn">
<doc>Pauses the test executed for the given time.</doc>
<arguments>
<arg>20s</arg>
</arguments>
<msg timestamp="20181016 13:23:02.274" level="INFO">Slept 20 seconds</msg>
<status status="PASS" endtime="20181016 13:23:02.274" starttime="20181016 13:22:42.274"></status>
</kw>
<status status="PASS" endtime="20181016 13:23:02.275" critical="yes" starttime="20181016 13:22:41.885"></status>
</test>
<test id="s1-t3" name="Reports">
<kw name="Click Element" library="Selenium2Library">
<doc>Click element identified by ``locator``.</doc>
<arguments>
<arg>xpath=//*[@id="isc_2T"]/table/tbody/tr/td/table/tbody/tr/td[1]</arg>
</arguments>
<msg timestamp="20181016 13:23:02.292" level="INFO">Clicking element 'xpath=//*[@id="isc_2T"]/table/tbody/tr/td/table/tbody/tr/td[1]'.</msg>
<status status="PASS" endtime="20181016 13:23:02.506" starttime="20181016 13:23:02.291"></status>
</kw>
<kw name="Sleep" library="BuiltIn">
<doc>Pauses the test executed for the given time.</doc>
<arguments>
<arg>5s</arg>
</arguments>
<msg timestamp="20181016 13:23:07.507" level="INFO">Slept 5 seconds</msg>
<status status="PASS" endtime="20181016 13:23:07.508" starttime="20181016 13:23:02.507"></status>
</kw>
<status status="PASS" endtime="20181016 13:23:07.509" critical="yes" starttime="20181016 13:23:02.289"></status>
</test>
<test id="s1-t4" name="Composite Reports">
<kw name="Click Element" library="Selenium2Library">
<doc>Click element identified by ``locator``.</doc>
<arguments>
<arg>xpath=//*[@id="isc_3Mtable"]/tbody/tr[2]/td[2]/div</arg>
</arguments>
<msg timestamp="20181016 13:23:07.521" level="INFO">Clicking element 'xpath=//*[@id="isc_3Mtable"]/tbody/tr[2]/td[2]/div'.</msg>
<status status="PASS" endtime="20181016 13:23:07.676" starttime="20181016 13:23:07.520"></status>
</kw>
<kw name="Sleep" library="BuiltIn">
<doc>Pauses the test executed for the given time.</doc>
<arguments>
<arg>5s</arg>
</arguments>
<msg timestamp="20181016 13:23:12.677" level="INFO">Slept 5 seconds</msg>
<status status="PASS" endtime="20181016 13:23:12.677" starttime="20181016 13:23:07.677"></status>
</kw>
<status status="PASS" endtime="20181016 13:23:12.678" critical="yes" starttime="20181016 13:23:07.518"></status>
</test>
<test id="s1-t5" name="Composite Reports v3">
<kw name="Click Element" library="Selenium2Library">
<doc>Click element identified by ``locator``.</doc>
<arguments>
<arg>xpath=//*[@id="isc_3Ttable"]/tbody/tr[9]/td[3]/div</arg>
</arguments>
<msg timestamp="20181016 13:23:12.686" level="INFO">Clicking element 'xpath=//*[@id="isc_3Ttable"]/tbody/tr[9]/td[3]/div'.</msg>
<status status="PASS" endtime="20181016 13:23:12.896" starttime="20181016 13:23:12.686"></status>
</kw>
<kw name="Sleep" library="BuiltIn">
<doc>Pauses the test executed for the given time.</doc>
<arguments>
<arg>5s</arg>
</arguments>
<msg timestamp="20181016 13:23:17.897" level="INFO">Slept 5 seconds</msg>
<status status="PASS" endtime="20181016 13:23:17.897" starttime="20181016 13:23:12.896"></status>
</kw>
<status status="PASS" endtime="20181016 13:23:17.899" critical="yes" starttime="20181016 13:23:12.684"></status>
</test>
<test id="s1-t6" name="Select iFrame">
<kw name="Select Frame" library="Selenium2Library">
<doc>Sets frame identified by ``locator`` as the current frame.</doc>
<arguments>
<arg>xpath=//*[@id="isc_4D"]</arg>
</arguments>
<msg timestamp="20181016 13:23:17.910" level="INFO">Selecting frame 'xpath=//*[@id="isc_4D"]'.</msg>
<status status="PASS" endtime="20181016 13:23:17.981" starttime="20181016 13:23:17.909"></status>
</kw>
<status status="PASS" endtime="20181016 13:23:17.982" critical="yes" starttime="20181016 13:23:17.907"></status>
</test>
<test id="s1-t7" name="Select Dealer search option">
<kw name="Click Element" library="Selenium2Library">
<doc>Click element identified by ``locator``.</doc>
<arguments>
<arg>id=dealer_popup_button</arg>
</arguments>
<msg timestamp="20181016 13:23:17.986" level="INFO">Clicking element 'id=dealer_popup_button'.</msg>
<status status="PASS" endtime="20181016 13:23:18.253" starttime="20181016 13:23:17.985"></status>
</kw>
<kw name="Sleep" library="BuiltIn">
<doc>Pauses the test executed for the given time.</doc>
<arguments>
<arg>10s</arg>
</arguments>
<msg timestamp="20181016 13:23:28.253" level="INFO">Slept 10 seconds</msg>
<status status="PASS" endtime="20181016 13:23:28.253" starttime="20181016 13:23:18.253"></status>
</kw>
<status status="PASS" endtime="20181016 13:23:28.254" critical="yes" starttime="20181016 13:23:17.984"></status>
</test>
<test id="s1-t8" name="Select Add Dealer Option">
<kw name="Click Element" library="Selenium2Library">
<doc>Click element identified by ``locator``.</doc>
<arguments>
<arg>xpath=//*[@id="btn_dealer_list_add"]</arg>
</arguments>
<msg timestamp="20181016 13:23:28.261" level="INFO">Clicking element 'xpath=//*[@id="btn_dealer_list_add"]'.</msg>
<status status="PASS" endtime="20181016 13:23:28.478" starttime="20181016 13:23:28.261"></status>
</kw>
<status status="PASS" endtime="20181016 13:23:28.479" critical="yes" starttime="20181016 13:23:28.259"></status>
</test>
<test id="s1-t9" name="Select Search Dealer Option">
<kw name="Click Element" library="Selenium2Library">
<doc>Click element identified by ``locator``.</doc>
<arguments>
<arg>xpath=//*[@id="btn_dealer_search"]</arg>
</arguments>
<msg timestamp="20181016 13:23:28.483" level="INFO">Clicking element 'xpath=//*[@id="btn_dealer_search"]'.</msg>
<status status="PASS" endtime="20181016 13:23:28.686" starttime="20181016 13:23:28.483"></status>
</kw>
<kw name="Sleep" library="BuiltIn">
<doc>Pauses the test executed for the given time.</doc>
<arguments>
<arg>5s</arg>
</arguments>
<msg timestamp="20181016 13:23:33.687" level="INFO">Slept 5 seconds</msg>
<status status="PASS" endtime="20181016 13:23:33.687" starttime="20181016 13:23:28.687"></status>
</kw>
<status status="PASS" endtime="20181016 13:23:33.688" critical="yes" starttime="20181016 13:23:28.481"></status>
</test>
<test id="s1-t10" name="Select Dealer">
<kw name="Click Element" library="Selenium2Library">
<doc>Click element identified by ``locator``.</doc>
<arguments>
<arg>xpath=//*[@id="dealer_search_results"]/tbody/tr[12]/td[3]/input</arg>
</arguments>
<msg timestamp="20181016 13:23:33.698" level="INFO">Clicking element 'xpath=//*[@id="dealer_search_results"]/tbody/tr[12]/td[3]/input'.</msg>
<status status="PASS" endtime="20181016 13:23:33.876" starttime="20181016 13:23:33.697"></status>
</kw>
<status status="PASS" endtime="20181016 13:23:33.877" critical="yes" starttime="20181016 13:23:33.694"></status>
</test>
<test id="s1-t11" name="Click Ok">
<kw name="Click Element" library="Selenium2Library">
<doc>Click element identified by ``locator``.</doc>
<arguments>
<arg>xpath=//*[@id="btn_dealer_search_ok"]</arg>
</arguments>
<msg timestamp="20181016 13:23:33.881" level="INFO">Clicking element 'xpath=//*[@id="btn_dealer_search_ok"]'.</msg>
<status status="PASS" endtime="20181016 13:23:34.154" starttime="20181016 13:23:33.880"></status>
</kw>
<kw name="Sleep" library="BuiltIn">
<doc>Pauses the test executed for the given time.</doc>
<arguments>
<arg>5s</arg>
</arguments>
<msg timestamp="20181016 13:23:39.155" level="INFO">Slept 5 seconds</msg>
<status status="PASS" endtime="20181016 13:23:39.155" starttime="20181016 13:23:34.155"></status>
</kw>
<status status="PASS" endtime="20181016 13:23:39.157" critical="yes" starttime="20181016 13:23:33.878"></status>
</test>
<test id="s1-t12" name="Click Ok">
<kw name="Click Element" library="Selenium2Library">
<doc>Click element identified by ``locator``.</doc>
<arguments>
<arg>xpath=//*[@id="btn_dealer_list_ok"]</arg>
</arguments>
<msg timestamp="20181016 13:23:39.162" level="INFO">Clicking element 'xpath=//*[@id="btn_dealer_list_ok"]'.</msg>
<status status="PASS" endtime="20181016 13:23:39.402" starttime="20181016 13:23:39.162"></status>
</kw>
<status status="PASS" endtime="20181016 13:23:39.404" critical="yes" starttime="20181016 13:23:39.161"></status>
</test>
<test id="s1-t13" name="Select Benchmark Search Option">
<kw name="Click Element" library="Selenium2Library">
<doc>Click element identified by ``locator``.</doc>
<arguments>
<arg>id=comp-bm-selection</arg>
</arguments>
<msg timestamp="20181016 13:23:39.409" level="INFO">Clicking element 'id=comp-bm-selection'.</msg>
<kw name="Capture Page Screenshot" library="Selenium2Library">
<doc>Takes screenshot of the current page and embeds it into log file.</doc>
<msg timestamp="20181016 13:23:39.991" html="yes" level="INFO">&lt;/td&gt;&lt;/tr&gt;&lt;tr&gt;&lt;td colspan="3"&gt;&lt;a href="selenium-screenshot-97.png"&gt;&lt;img src="selenium-screenshot-97.png" width="800px"&gt;&lt;/a&gt;</msg>
<status status="PASS" endtime="20181016 13:23:39.991" starttime="20181016 13:23:39.541"></status>
</kw>
<msg timestamp="20181016 13:23:39.994" level="FAIL">WebDriverException: Message: unknown error: Element &lt;button class="btn btn-small" data-target="#composite_report_bm_modal" data-toggle="modal" id="comp-bm-selection"&gt;...&lt;/button&gt; is not clickable at point (426, 23). Other element would receive the click: &lt;div class="modal-backdrop fade modal-stack" style="z-index: 1039;"&gt;&lt;/div&gt;
  (Session info: chrome=69.0.3497.100)
  (Driver info: chromedriver=2.37.543627 (63642262d9fb93fb4ab52398be4286d844092a5e),platform=Windows NT 6.1.7601 SP1 x86_64)
</msg>
<status status="FAIL" endtime="20181016 13:23:39.995" starttime="20181016 13:23:39.408"></status>
</kw>
<status status="FAIL" endtime="20181016 13:23:39.996" critical="yes" starttime="20181016 13:23:39.407">WebDriverException: Message: unknown error: Element &lt;button class="btn btn-small" data-target="#composite_report_bm_modal" data-toggle="modal" id="comp-bm-selection"&gt;...&lt;/button&gt; is not clickable at point (426, 23). Other element would receive the click: &lt;div class="modal-backdrop fade modal-stack" style="z-index: 1039;"&gt;&lt;/div&gt;
  (Session info: chrome=69.0.3497.100)
  (Driver info: chromedriver=2.37.543627 (63642262d9fb93fb4ab52398be4286d844092a5e),platform=Windows NT 6.1.7601 SP1 x86_64)
</status>
</test>
<test id="s1-t14" name="Select Ok Option">
<kw name="Click Element" library="Selenium2Library">
<doc>Click element identified by ``locator``.</doc>
<arguments>
<arg>xpath=//*[@id="benchmark-selection-complete"]</arg>
</arguments>
<msg timestamp="20181016 13:23:40.002" level="INFO">Clicking element 'xpath=//*[@id="benchmark-selection-complete"]'.</msg>
<kw name="Capture Page Screenshot" library="Selenium2Library">
<doc>Takes screenshot of the current page and embeds it into log file.</doc>
<msg timestamp="20181016 13:23:40.479" html="yes" level="INFO">&lt;/td&gt;&lt;/tr&gt;&lt;tr&gt;&lt;td colspan="3"&gt;&lt;a href="selenium-screenshot-98.png"&gt;&lt;img src="selenium-screenshot-98.png" width="800px"&gt;&lt;/a&gt;</msg>
<status status="PASS" endtime="20181016 13:23:40.480" starttime="20181016 13:23:40.072"></status>
</kw>
<msg timestamp="20181016 13:23:40.481" level="FAIL">ElementNotVisibleException: Message: element not visible
  (Session info: chrome=69.0.3497.100)
  (Driver info: chromedriver=2.37.543627 (63642262d9fb93fb4ab52398be4286d844092a5e),platform=Windows NT 6.1.7601 SP1 x86_64)
</msg>
<status status="FAIL" endtime="20181016 13:23:40.482" starttime="20181016 13:23:40.001"></status>
</kw>
<status status="FAIL" endtime="20181016 13:23:40.483" critical="yes" starttime="20181016 13:23:39.999">ElementNotVisibleException: Message: element not visible
  (Session info: chrome=69.0.3497.100)
  (Driver info: chromedriver=2.37.543627 (63642262d9fb93fb4ab52398be4286d844092a5e),platform=Windows NT 6.1.7601 SP1 x86_64)
</status>
</test>
<test id="s1-t15" name="Expand from Date Drop Down">
<kw name="Click Element" library="Selenium2Library">
<doc>Click element identified by ``locator``.</doc>
<arguments>
<arg>xpath=//*[@id="report_filter_from_date"]</arg>
</arguments>
<msg timestamp="20181016 13:23:40.489" level="INFO">Clicking element 'xpath=//*[@id="report_filter_from_date"]'.</msg>
<status status="PASS" endtime="20181016 13:23:40.691" starttime="20181016 13:23:40.489"></status>
</kw>
<kw name="Sleep" library="BuiltIn">
<doc>Pauses the test executed for the given time.</doc>
<arguments>
<arg>5s</arg>
</arguments>
<msg timestamp="20181016 13:23:45.692" level="INFO">Slept 5 seconds</msg>
<status status="PASS" endtime="20181016 13:23:45.693" starttime="20181016 13:23:40.692"></status>
</kw>
<status status="PASS" endtime="20181016 13:23:45.694" critical="yes" starttime="20181016 13:23:40.488"></status>
</test>
<test id="s1-t16" name="Select Relevant Date">
<kw name="Click Element" library="Selenium2Library">
<doc>Click element identified by ``locator``.</doc>
<arguments>
<arg>xpath=//*[@id="report_filter_from_date"]/option[9]</arg>
</arguments>
<msg timestamp="20181016 13:23:45.701" level="INFO">Clicking element 'xpath=//*[@id="report_filter_from_date"]/option[9]'.</msg>
<status status="PASS" endtime="20181016 13:23:45.858" starttime="20181016 13:23:45.701"></status>
</kw>
<kw name="Sleep" library="BuiltIn">
<doc>Pauses the test executed for the given time.</doc>
<arguments>
<arg>5s</arg>
</arguments>
<msg timestamp="20181016 13:23:50.860" level="INFO">Slept 5 seconds</msg>
<status status="PASS" endtime="20181016 13:23:50.860" starttime="20181016 13:23:45.860"></status>
</kw>
<status status="PASS" endtime="20181016 13:23:50.861" critical="yes" starttime="20181016 13:23:45.699"></status>
</test>
<test id="s1-t17" name="Expand To Date Drop Down">
<kw name="Click Element" library="Selenium2Library">
<doc>Click element identified by ``locator``.</doc>
<arguments>
<arg>xpath=//*[@id="report_filter_to_date"]</arg>
</arguments>
<msg timestamp="20181016 13:23:50.872" level="INFO">Clicking element 'xpath=//*[@id="report_filter_to_date"]'.</msg>
<status status="PASS" endtime="20181016 13:23:51.146" starttime="20181016 13:23:50.871"></status>
</kw>
<kw name="Sleep" library="BuiltIn">
<doc>Pauses the test executed for the given time.</doc>
<arguments>
<arg>5s</arg>
</arguments>
<msg timestamp="20181016 13:23:56.147" level="INFO">Slept 5 seconds</msg>
<status status="PASS" endtime="20181016 13:23:56.147" starttime="20181016 13:23:51.147"></status>
</kw>
<status status="PASS" endtime="20181016 13:23:56.148" critical="yes" starttime="20181016 13:23:50.869"></status>
</test>
<test id="s1-t18" name="Select Relevant Date">
<kw name="Click Element" library="Selenium2Library">
<doc>Click element identified by ``locator``.</doc>
<arguments>
<arg>xpath=//*[@id="report_filter_to_date"]/option[9]</arg>
</arguments>
<msg timestamp="20181016 13:23:56.155" level="INFO">Clicking element 'xpath=//*[@id="report_filter_to_date"]/option[9]'.</msg>
<status status="PASS" endtime="20181016 13:23:56.260" starttime="20181016 13:23:56.155"></status>
</kw>
<kw name="Sleep" library="BuiltIn">
<doc>Pauses the test executed for the given time.</doc>
<arguments>
<arg>5s</arg>
</arguments>
<msg timestamp="20181016 13:24:01.261" level="INFO">Slept 5 seconds</msg>
<status status="PASS" endtime="20181016 13:24:01.261" starttime="20181016 13:23:56.260"></status>
</kw>
<status status="PASS" endtime="20181016 13:24:01.262" critical="yes" starttime="20181016 13:23:56.154"></status>
</test>
<test id="s1-t19" name="Expand Report Drop Down">
<kw name="Click Element" library="Selenium2Library">
<doc>Click element identified by ``locator``.</doc>
<arguments>
<arg>id=load_page</arg>
</arguments>
<msg timestamp="20181016 13:24:01.271" level="INFO">Clicking element 'id=load_page'.</msg>
<status status="PASS" endtime="20181016 13:24:01.520" starttime="20181016 13:24:01.270"></status>
</kw>
<kw name="Sleep" library="BuiltIn">
<doc>Pauses the test executed for the given time.</doc>
<arguments>
<arg>10s</arg>
</arguments>
<msg timestamp="20181016 13:24:11.521" level="INFO">Slept 10 seconds</msg>
<status status="PASS" endtime="20181016 13:24:11.521" starttime="20181016 13:24:01.520"></status>
</kw>
<status status="PASS" endtime="20181016 13:24:11.522" critical="yes" starttime="20181016 13:24:01.269"></status>
</test>
<test id="s1-t20" name="Select Relevant Report">
<kw name="Click Element" library="Selenium2Library">
<doc>Click element identified by ``locator``.</doc>
<arguments>
<arg>xpath=//*[@id="load_page"]/option[3]</arg>
</arguments>
<msg timestamp="20181016 13:24:11.528" level="INFO">Clicking element 'xpath=//*[@id="load_page"]/option[3]'.</msg>
<status status="PASS" endtime="20181016 13:24:11.626" starttime="20181016 13:24:11.527"></status>
</kw>
<kw name="Sleep" library="BuiltIn">
<doc>Pauses the test executed for the given time.</doc>
<arguments>
<arg>5s</arg>
</arguments>
<msg timestamp="20181016 13:24:16.627" level="INFO">Slept 5 seconds</msg>
<status status="PASS" endtime="20181016 13:24:16.627" starttime="20181016 13:24:11.627"></status>
</kw>
<status status="PASS" endtime="20181016 13:24:16.628" critical="yes" starttime="20181016 13:24:11.526"></status>
</test>
<test id="s1-t21" name="Select Run Report Option">
<kw name="Click Element" library="Selenium2Library">
<doc>Click element identified by ``locator``.</doc>
<arguments>
<arg>xpath=//*[@id="report_filters"]/input</arg>
</arguments>
<msg timestamp="20181016 13:24:16.640" level="INFO">Clicking element 'xpath=//*[@id="report_filters"]/input'.</msg>
<status status="PASS" endtime="20181016 13:24:16.887" starttime="20181016 13:24:16.639"></status>
</kw>
<kw name="Sleep" library="BuiltIn">
<doc>Pauses the test executed for the given time.</doc>
<arguments>
<arg>10s</arg>
</arguments>
<msg timestamp="20181016 13:24:26.889" level="INFO">Slept 10 seconds</msg>
<status status="PASS" endtime="20181016 13:24:26.889" starttime="20181016 13:24:16.888"></status>
</kw>
<status status="PASS" endtime="20181016 13:24:26.890" critical="yes" starttime="20181016 13:24:16.635"></status>
</test>
<test id="s1-t22" name="Expand Export Option List">
<kw name="Click Element" library="Selenium2Library">
<doc>Click element identified by ``locator``.</doc>
<arguments>
<arg>xpath=//*[@id="export_page"]</arg>
</arguments>
<msg timestamp="20181016 13:24:26.897" level="INFO">Clicking element 'xpath=//*[@id="export_page"]'.</msg>
<status status="PASS" endtime="20181016 13:24:27.117" starttime="20181016 13:24:26.896"></status>
</kw>
<kw name="Sleep" library="BuiltIn">
<doc>Pauses the test executed for the given time.</doc>
<arguments>
<arg>5s</arg>
</arguments>
<msg timestamp="20181016 13:24:32.118" level="INFO">Slept 5 seconds</msg>
<status status="PASS" endtime="20181016 13:24:32.118" starttime="20181016 13:24:27.117"></status>
</kw>
<status status="PASS" endtime="20181016 13:24:32.118" critical="yes" starttime="20181016 13:24:26.895"></status>
</test>
<test id="s1-t23" name="Select Export Option">
<kw name="Click Element" library="Selenium2Library">
<doc>Click element identified by ``locator``.</doc>
<arguments>
<arg>xpath=//*[@id="Page_to_pdf"]</arg>
</arguments>
<msg timestamp="20181016 13:24:32.121" level="INFO">Clicking element 'xpath=//*[@id="Page_to_pdf"]'.</msg>
<status status="PASS" endtime="20181016 13:24:32.269" starttime="20181016 13:24:32.121"></status>
</kw>
<status status="PASS" endtime="20181016 13:24:32.270" critical="yes" starttime="20181016 13:24:32.120"></status>
</test>
<status status="FAIL" endtime="20181016 13:24:32.276" starttime="20181016 13:22:05.492"></status>
</suite>
<statistics>
<total>
<stat fail="2" pass="21">Critical Tests</stat>
<stat fail="2" pass="21">All Tests</stat>
</total>
<tag>
</tag>
<suite>
<stat fail="2" id="s1" name="Composite Report" pass="21">Composite Report</stat>
</suite>
</statistics>
<errors>
<msg timestamp="20181016 13:23:39.160" level="WARN">Multiple test cases with name 'Click Ok' executed in test suite 'Composite Report'.</msg>
<msg timestamp="20181016 13:23:56.152" level="WARN">Multiple test cases with name 'Select Relevant Date' executed in test suite 'Composite Report'.</msg>
</errors>
</robot>
